<?xml version="1.0" encoding="UTF-8"?>
<testsuite name="sistemaadministracionfutbol.EntrenamientosSpec" tests="2" skipped="0" failures="0" errors="0" timestamp="2020-11-26T19:59:30" hostname="moaipc-Presario-F500-GM639LA-AC8" time="0.838">
  <properties/>
  <testcase name="crear entrenamientos con un mes asignado" classname="sistemaadministracionfutbol.EntrenamientosSpec" time="0.823"/>
  <testcase name="modificar mes de entrenamientos" classname="sistemaadministracionfutbol.EntrenamientosSpec" time="0.014"/>
  <system-out><![CDATA[]]></system-out>
  <system-err><![CDATA[]]></system-err>
</testsuite>
