<?xml version="1.0" encoding="UTF-8"?>
<testsuite name="sistemaadministracionfutbol.JugadorSpec" tests="1" skipped="0" failures="0" errors="0" timestamp="2020-11-26T19:59:38" hostname="moaipc-Presario-F500-GM639LA-AC8" time="0.061">
  <properties/>
  <testcase name="crear jugador con nombre" classname="sistemaadministracionfutbol.JugadorSpec" time="0.061"/>
  <system-out><![CDATA[]]></system-out>
  <system-err><![CDATA[]]></system-err>
</testsuite>
