<?xml version="1.0" encoding="UTF-8"?>
<testsuite name="sistemaadministracionfutbol.EntrenamientosSpec" tests="2" skipped="0" failures="0" errors="0" timestamp="2020-11-25T22:25:29" hostname="moaipc-Presario-F500-GM639LA-AC8" time="0.284">
  <properties/>
  <testcase name="crear entrenamientos con un mes asignado" classname="sistemaadministracionfutbol.EntrenamientosSpec" time="0.26"/>
  <testcase name="modificar mes de entrenamientos" classname="sistemaadministracionfutbol.EntrenamientosSpec" time="0.021"/>
  <system-out><![CDATA[]]></system-out>
  <system-err><![CDATA[]]></system-err>
</testsuite>
