<?xml version="1.0" encoding="UTF-8"?>
<testsuite name="sistemaadministracionfutbol.EntrenamientoIndividualSpec" tests="3" skipped="0" failures="0" errors="0" timestamp="2020-11-26T19:59:33" hostname="moaipc-Presario-F500-GM639LA-AC8" time="0.14">
  <properties/>
  <testcase name="creacion de entrenamiento individual con dia asignado" classname="sistemaadministracionfutbol.EntrenamientoIndividualSpec" time="0.073"/>
  <testcase name="creacion de entrenamiento individual con actividad asignada" classname="sistemaadministracionfutbol.EntrenamientoIndividualSpec" time="0.032"/>
  <testcase name="creacion de entrenamiento individual con actividad asignada, luego editada" classname="sistemaadministracionfutbol.EntrenamientoIndividualSpec" time="0.021"/>
  <system-out><![CDATA[]]></system-out>
  <system-err><![CDATA[]]></system-err>
</testsuite>
